-I- cant find zeq_gui_preferences file, using defualt default
-W- Cant find er_sample.txt in project directory
-W- Cant find er_sites.txt in project directory
-W- Cant find er_locations.txt in project directory
-W- Cant find er_ages in project directory
-I- Read magic file /Users/lukefairchild765/GitHub_files/2016_Breccia_Dikes/Data/magic_files/AF/PI2c/magic_measurements.txt
-W- cant find sample_azimuth,sample_dip for sample PI2c-10
-W- cant find tilt-corrected data for sample PI2c-10
-W- cant find sample_azimuth,sample_dip for sample PI2c-11
-W- cant find tilt-corrected data for sample PI2c-11
-W- cant find sample_azimuth,sample_dip for sample PI2c-12
-W- cant find tilt-corrected data for sample PI2c-12
-W- cant find sample_azimuth,sample_dip for sample PI2c-13
-W- cant find tilt-corrected data for sample PI2c-13
-W- cant find sample_azimuth,sample_dip for sample PI2c-14
-W- cant find tilt-corrected data for sample PI2c-14
-W- cant find sample_azimuth,sample_dip for sample PI2c-15
-W- cant find tilt-corrected data for sample PI2c-15
-W- cant find sample_azimuth,sample_dip for sample PI2c-16
-W- cant find tilt-corrected data for sample PI2c-16
-W- cant find sample_azimuth,sample_dip for sample PI2c-17
-W- cant find tilt-corrected data for sample PI2c-17
-W- cant find sample_azimuth,sample_dip for sample PI2c-19
-W- cant find tilt-corrected data for sample PI2c-19
-W- cant find sample_azimuth,sample_dip for sample PI2c-1
-W- cant find tilt-corrected data for sample PI2c-1
-W- cant find sample_azimuth,sample_dip for sample PI2c-20
-W- cant find tilt-corrected data for sample PI2c-20
-W- cant find sample_azimuth,sample_dip for sample PI2c-22
-W- cant find tilt-corrected data for sample PI2c-22
-W- cant find sample_azimuth,sample_dip for sample PI2c-24
-W- cant find tilt-corrected data for sample PI2c-24
-W- cant find sample_azimuth,sample_dip for sample PI2c-3
-W- cant find tilt-corrected data for sample PI2c-3
-W- cant find sample_azimuth,sample_dip for sample PI2c-4
-W- cant find tilt-corrected data for sample PI2c-4
-W- cant find sample_azimuth,sample_dip for sample PI2c-6
-W- cant find tilt-corrected data for sample PI2c-6
-W- cant find sample_azimuth,sample_dip for sample PI2c-7
-W- cant find tilt-corrected data for sample PI2c-7
-W- cant find sample_azimuth,sample_dip for sample PI2c-8
-W- cant find tilt-corrected data for sample PI2c-8
-W- cant find sample_azimuth,sample_dip for sample PI2c-9
-W- cant find tilt-corrected data for sample PI2c-9
-I- done sorting meas data
-I- Reading previous interpretations from pmag* tables
